<?xml version="1.0" encoding="UTF-8"?>
<testsuites>
    <testsuite name="force.apex" timestamp="2019-01-08T07:41:47+01:00" hostname="https://CS82.salesforce.com" tests="15" failures="0"  errors="0"  time="1.25">
        <properties>
            <property name="outcome" value="Passed"/>
            <property name="testsRan" value="15"/>
            <property name="passing" value="15"/>
            <property name="failing" value="0"/>
            <property name="skipped" value="0"/>
            <property name="passRate" value="100%"/>
            <property name="failRate" value="0%"/>
            <property name="testStartTime" value="Jan 8, 2019 7:41 AM"/>
            <property name="testExecutionTime" value="1.25 s"/>
            <property name="testTotalTime" value="1.25 s"/>
            <property name="commandTime" value="16.54 s"/>
            <property name="hostname" value="https://CS82.salesforce.com"/>
            <property name="orgId" value="00D3E000000DFZeUAO"/>
            <property name="username" value="test-m2eurgcvkpsd@example.com"/>
            <property name="testRunId" value="7073E000011wwr1"/>
            <property name="userId" value="0053E0000030X9zQAE"/>
        </properties>
        <testcase name="testCheckMdApiFails" classname="CustomMetadataLoaderControllerTest" time="0.07">
        </testcase>
        <testcase name="testCheckMdApiSucceeds" classname="CustomMetadataLoaderControllerTest" time="0.02">
        </testcase>
        <testcase name="testDisplayMetadataResponse" classname="CustomMetadataLoaderControllerTest" time="0.01">
        </testcase>
        <testcase name="testCreateCustomMetadata" classname="CustomMetadataUploadControllerTest" time="0.36">
        </testcase>
        <testcase name="testCreateCustomMetadataWithDevName" classname="CustomMetadataUploadControllerTest" time="0.03">
        </testcase>
        <testcase name="testInvalidFileRowSizeDoesntMatch" classname="CustomMetadataUploadControllerTest" time="0.03">
        </testcase>
        <testcase name="testInvalidHeaderMissingFields" classname="CustomMetadataUploadControllerTest" time="0.03">
        </testcase>
        <testcase name="testInvalidHeaderWrongFields" classname="CustomMetadataUploadControllerTest" time="0.03">
        </testcase>
        <testcase name="testSelectedTypeMissing" classname="CustomMetadataUploadControllerTest" time="0.02">
        </testcase>
        <testcase name="testUploadEmptyFile" classname="CustomMetadataUploadControllerTest" time="0.02">
        </testcase>
        <testcase name="testUploadNoFile" classname="CustomMetadataUploadControllerTest" time="0.02">
        </testcase>
        <testcase name="coverGeneratedCodeCRUDOperations" classname="MetadataServiceTest" time="0.35">
        </testcase>
        <testcase name="coverGeneratedCodeFileBasedOperations1" classname="MetadataServiceTest" time="0.02">
        </testcase>
        <testcase name="coverGeneratedCodeFileBasedOperations2" classname="MetadataServiceTest" time="0.01">
        </testcase>
        <testcase name="coverGeneratedCodeTypes" classname="MetadataServiceTest" time="0.23">
        </testcase>
    </testsuite>
</testsuites>
